<?xml version="1.0" encoding="UTF-8"?>
<!-- Generated by org.testng.reporters.JUnitReportReporter -->
<testsuite hostname="DESKTOP-J17G1RB" failures="0" tests="4" name="MyTestCase.ATS" time="1.983" errors="0" timestamp="2025-07-19T16:11:07 EET" skipped="3">
  <testcase classname="MyTestCase.ATS" name="AddToCart" time="1.983"/>
  <testcase classname="MyTestCase.ATS" name="LogOut">
    <skipped/>
  </testcase> <!-- LogOut -->
  <testcase classname="MyTestCase.ATS" name="SignUpPage">
    <skipped/>
  </testcase> <!-- SignUpPage -->
  <testcase classname="MyTestCase.ATS" name="loginButton">
    <skipped/>
  </testcase> <!-- loginButton -->
</testsuite> <!-- MyTestCase.ATS -->
